[2025-04-18T18:45:50.565Z] [INFO] [daily-ipo-update] Starting scrape and upload for year 2025 with smart updates
[2025-04-18T18:45:50.566Z] [INFO] [daily-ipo-update] Scraping IPO data for year 2025 with concurrency 2
[2025-04-18T18:46:34.601Z] [INFO] Updated existing cron job: daily-ipo-update
[2025-04-18T18:46:34.602Z] [INFO] Cron configuration saved successfully
[2025-04-18T18:46:34.603Z] [INFO] Cron configuration saved successfully
[2025-04-18T18:46:34.603Z] [INFO] Enabled cron job: daily-ipo-update
[2025-04-18T18:46:34.603Z] [INFO] Starting cron system...
[2025-04-18T18:46:34.604Z] [INFO] All cron jobs stopped
[2025-04-18T18:46:34.604Z] [INFO] Setting up cron job: daily-ipo-update with schedule: 30 20 * * *
[2025-04-18T18:46:34.620Z] [INFO] Cron job started: daily-ipo-update
[2025-04-18T18:46:34.621Z] [INFO] Next execution time for daily-ipo-update: 2025-04-19T18:46:34.621Z
[2025-04-18T18:46:34.621Z] [INFO] Started 1 cron jobs
[2025-04-18T18:46:34.622Z] [INFO] Cron job daily-ipo-update schedule: 30 20 * * *
[2025-04-18T18:46:34.622Z] [INFO] Cron job daily-ipo-update next execution: 2025-04-19T18:46:34.622Z
[2025-04-19T03:32:50.269Z] [INFO] Updated existing cron job: daily-ipo-update
[2025-04-19T03:32:50.274Z] [INFO] Cron configuration saved successfully
[2025-04-19T03:32:50.277Z] [INFO] Cron configuration saved successfully
[2025-04-19T03:32:50.277Z] [INFO] Enabled cron job: daily-ipo-update
[2025-04-19T03:32:50.278Z] [INFO] Starting cron system...
[2025-04-19T03:32:50.279Z] [INFO] All cron jobs stopped
[2025-04-19T03:32:50.279Z] [INFO] Setting up cron job: daily-ipo-update with schedule: 30 20 * * *
[2025-04-19T03:32:50.334Z] [INFO] Cron job started: daily-ipo-update
[2025-04-19T03:32:50.337Z] [INFO] Next execution time for daily-ipo-update: 2025-04-20T03:32:50.337Z
[2025-04-19T03:32:50.338Z] [INFO] Started 1 cron jobs
[2025-04-19T03:32:50.338Z] [INFO] Cron job daily-ipo-update schedule: 30 20 * * *
[2025-04-19T03:32:50.339Z] [INFO] Cron job daily-ipo-update next execution: 2025-04-20T03:32:50.338Z
[2025-04-19T03:36:45.898Z] [INFO] Updated existing cron job: daily-ipo-update
[2025-04-19T03:36:45.900Z] [INFO] Cron configuration saved successfully
[2025-04-19T03:36:45.901Z] [INFO] Cron configuration saved successfully
[2025-04-19T03:36:45.901Z] [INFO] Enabled cron job: daily-ipo-update
[2025-04-19T03:36:45.902Z] [INFO] Starting cron system...
[2025-04-19T03:36:45.902Z] [INFO] All cron jobs stopped
[2025-04-19T03:36:45.902Z] [INFO] Setting up cron job: daily-ipo-update with schedule: 30 20 * * *
[2025-04-19T03:36:45.926Z] [INFO] Cron job started: daily-ipo-update
[2025-04-19T03:36:45.927Z] [INFO] Next execution time for daily-ipo-update: 2025-04-20T03:36:45.927Z
[2025-04-19T03:36:45.927Z] [INFO] Started 1 cron jobs
[2025-04-19T03:36:45.928Z] [INFO] Cron job daily-ipo-update schedule: 30 20 * * *
[2025-04-19T03:36:45.928Z] [INFO] Cron job daily-ipo-update next execution: 2025-04-20T03:36:45.928Z
[2025-04-19T05:20:20.852Z] [INFO] Starting cron system...
[2025-04-19T05:20:20.858Z] [INFO] All cron jobs stopped
[2025-04-19T05:20:20.859Z] [INFO] Setting up cron job: daily-ipo-update with schedule: 30 20 * * *
[2025-04-19T05:20:20.892Z] [INFO] Cron job started: daily-ipo-update
[2025-04-19T05:20:20.893Z] [INFO] Next execution time for daily-ipo-update: 2025-04-20T05:20:20.893Z
[2025-04-19T05:20:20.893Z] [INFO] Started 1 cron jobs
[2025-04-19T05:29:06.376Z] [INFO] All cron jobs stopped
[2025-04-19T05:29:06.380Z] [INFO] Added new cron job: daily-ipo-2025
[2025-04-19T05:29:06.381Z] [INFO] Cron configuration saved successfully
[2025-04-19T05:29:06.382Z] [INFO] Cron configuration saved successfully
[2025-04-19T05:29:06.382Z] [INFO] Enabled cron job: daily-ipo-2025
[2025-04-19T05:29:06.383Z] [INFO] Starting cron system...
[2025-04-19T05:29:06.384Z] [INFO] All cron jobs stopped
[2025-04-19T05:29:06.384Z] [INFO] Setting up cron job: daily-ipo-2025 with schedule: 0 2 * * *
[2025-04-19T05:29:06.437Z] [INFO] Cron job started: daily-ipo-2025
[2025-04-19T05:29:06.438Z] [INFO] Next execution time for daily-ipo-2025: 2025-04-20T05:29:06.438Z
[2025-04-19T05:29:06.438Z] [INFO] Started 1 cron jobs
[2025-04-19T05:29:13.247Z] [INFO] All cron jobs stopped
[2025-04-19T05:29:13.251Z] [INFO] Added new cron job: daily-ipo-2025
[2025-04-19T05:29:13.253Z] [INFO] Cron configuration saved successfully
[2025-04-19T05:29:13.256Z] [INFO] Cron configuration saved successfully
[2025-04-19T05:29:13.256Z] [INFO] Enabled cron job: daily-ipo-2025
[2025-04-19T05:29:13.257Z] [INFO] Starting cron system...
[2025-04-19T05:29:13.258Z] [INFO] All cron jobs stopped
[2025-04-19T05:29:13.258Z] [INFO] Setting up cron job: daily-ipo-2025 with schedule: 0 2 * * *
[2025-04-19T05:29:13.290Z] [INFO] Cron job started: daily-ipo-2025
[2025-04-19T05:29:13.291Z] [INFO] Next execution time for daily-ipo-2025: 2025-04-20T05:29:13.291Z
[2025-04-19T05:29:13.291Z] [INFO] Started 1 cron jobs
[2025-04-19T05:30:29.992Z] [INFO] [manual-run-1745040629992] Starting scrape and upload for year 2025 with smart updates
[2025-04-19T05:30:29.993Z] [INFO] [manual-run-1745040629992] Scraping IPO data for year 2025 with concurrency 2
[2025-04-19T05:31:30.056Z] [INFO] [manual-run-1745040629992] Completed scrape and upload for year 2025
[2025-04-19T05:32:37.483Z] [INFO] [manual-run-1745040757483] Starting scrape and upload for year 2025 with smart updates
[2025-04-19T05:32:37.484Z] [INFO] [manual-run-1745040757483] Scraping IPO data for year 2025 with concurrency 2
[2025-04-19T05:33:53.641Z] [INFO] [manual-run-1745040833641] Starting scrape and upload for year 2025 with smart updates
[2025-04-19T05:33:53.641Z] [INFO] [manual-run-1745040833641] Scraping IPO data for year 2025 with concurrency 2
[2025-04-19T05:34:09.944Z] [INFO] [manual-run-1745040849944] Starting scrape and upload for year 2025 with smart updates
[2025-04-19T05:34:09.945Z] [INFO] [manual-run-1745040849944] Scraping IPO data for year 2025 with concurrency 2
[2025-04-19T05:34:24.672Z] [INFO] [manual-run-1745040864672] Starting scrape and upload for year 2025 with smart updates
[2025-04-19T05:34:24.673Z] [INFO] [manual-run-1745040864672] Scraping IPO data for year 2025 with concurrency 2
[2025-04-19T05:40:07.333Z] [INFO] [manual-run-1745041207333] Starting scrape and upload for year 2025 with smart updates
[2025-04-19T05:40:07.335Z] [INFO] [manual-run-1745041207333] Scraping IPO data for year 2025 with concurrency 2
[2025-04-19T05:54:17.788Z] [INFO] [manual-run-1745042057788] Starting scrape and upload for year 2025 with smart updates
[2025-04-19T05:54:17.789Z] [INFO] [manual-run-1745042057788] Scraping IPO data for year 2025 with concurrency 2
[2025-04-19T06:00:14.408Z] [INFO] [manual-run-1745042414407] Starting scrape and upload for year 2025 with smart updates
[2025-04-19T06:00:14.421Z] [INFO] [manual-run-1745042414407] Scraping IPO data for year 2025 with concurrency 2
[2025-04-19T06:01:19.632Z] [INFO] [manual-run-1745042414407] Completed scrape and upload for year 2025
[2025-04-19T06:04:45.422Z] [INFO] [manual-run-1745042685422] Starting scrape and upload for year 2025 with smart updates
[2025-04-19T06:04:45.423Z] [INFO] [manual-run-1745042685422] Scraping IPO data for year 2025 with concurrency 2
[2025-04-19T06:20:25.236Z] [INFO] All cron jobs stopped
[2025-04-19T06:20:25.240Z] [INFO] Added new cron job: daily-ipo-2025
[2025-04-19T06:20:25.241Z] [INFO] Cron configuration saved successfully
[2025-04-19T06:20:25.241Z] [INFO] Cron configuration saved successfully
[2025-04-19T06:20:25.242Z] [INFO] Enabled cron job: daily-ipo-2025
[2025-04-19T06:20:25.242Z] [INFO] Starting cron system...
[2025-04-19T06:20:25.243Z] [INFO] All cron jobs stopped
[2025-04-19T06:20:25.243Z] [INFO] Setting up cron job: daily-ipo-2025 with schedule: 0 2 * * *
[2025-04-19T06:20:25.290Z] [INFO] Cron job started: daily-ipo-2025
[2025-04-19T06:20:25.291Z] [INFO] Next execution time for daily-ipo-2025: 2025-04-20T06:20:25.291Z
[2025-04-19T06:20:25.291Z] [INFO] Started 1 cron jobs
[2025-04-19T06:22:19.840Z] [INFO] All cron jobs stopped
[2025-04-19T06:22:19.843Z] [INFO] Added new cron job: daily-ipo-2025
[2025-04-19T06:22:19.843Z] [INFO] Cron configuration saved successfully
[2025-04-19T06:22:19.844Z] [INFO] Cron configuration saved successfully
[2025-04-19T06:22:19.844Z] [INFO] Enabled cron job: daily-ipo-2025
[2025-04-19T06:22:19.844Z] [INFO] Starting cron system...
[2025-04-19T06:22:19.845Z] [INFO] All cron jobs stopped
[2025-04-19T06:22:19.845Z] [INFO] Setting up cron job: daily-ipo-2025 with schedule: 0 2 * * *
[2025-04-19T06:22:19.899Z] [INFO] Cron job started: daily-ipo-2025
[2025-04-19T06:22:19.901Z] [INFO] Next execution time for daily-ipo-2025: 2025-04-20T06:22:19.901Z
[2025-04-19T06:22:19.902Z] [INFO] Started 1 cron jobs
[2025-04-19T06:24:14.747Z] [INFO] All cron jobs stopped
[2025-04-19T06:24:14.751Z] [INFO] Added new cron job: daily-ipo-2025
[2025-04-19T06:24:14.752Z] [INFO] Cron configuration saved successfully
[2025-04-19T06:24:14.753Z] [INFO] Cron configuration saved successfully
[2025-04-19T06:24:14.754Z] [INFO] Enabled cron job: daily-ipo-2025
[2025-04-19T06:24:14.754Z] [INFO] Starting cron system...
[2025-04-19T06:24:14.755Z] [INFO] All cron jobs stopped
[2025-04-19T06:24:14.755Z] [INFO] Setting up cron job: daily-ipo-2025 with schedule: 0 2 * * *
[2025-04-19T06:24:14.804Z] [INFO] Cron job started: daily-ipo-2025
[2025-04-19T06:24:14.804Z] [INFO] Next execution time for daily-ipo-2025: 2025-04-20T06:24:14.804Z
[2025-04-19T06:24:14.804Z] [INFO] Started 1 cron jobs
[2025-04-19T07:43:45.171Z] [INFO] All cron jobs stopped
[2025-04-19T07:43:45.178Z] [INFO] Added new cron job: daily-ipo-2025
[2025-04-19T07:43:45.181Z] [INFO] Cron configuration saved successfully
[2025-04-19T07:43:45.184Z] [INFO] Cron configuration saved successfully
[2025-04-19T07:43:45.187Z] [INFO] Enabled cron job: daily-ipo-2025
[2025-04-19T07:43:45.188Z] [INFO] Starting cron system...
[2025-04-19T07:43:45.189Z] [INFO] All cron jobs stopped
[2025-04-19T07:43:45.189Z] [INFO] Setting up cron job: daily-ipo-2025 with schedule: 0 2 * * *
[2025-04-19T07:43:45.231Z] [INFO] Cron job started: daily-ipo-2025
[2025-04-19T07:43:45.232Z] [INFO] Next execution time for daily-ipo-2025: 2025-04-20T07:43:45.232Z
[2025-04-19T07:43:45.232Z] [INFO] Started 1 cron jobs
[2025-04-19T07:54:14.027Z] [INFO] [manual-run-1745049254027] Starting scrape and upload for year 2025 with smart updates
[2025-04-19T07:54:14.032Z] [INFO] [manual-run-1745049254027] Scraping IPO data for year 2025 with concurrency 2
[2025-04-19T08:00:20.485Z] [INFO] [manual-run-1745049620485] Starting scrape and upload for year 2025 with smart updates
[2025-04-19T08:00:20.490Z] [INFO] [manual-run-1745049620485] Scraping IPO data for year 2025 with concurrency 2
[2025-04-19T08:00:25.605Z] [INFO] [manual-run-1745049620485] Completed scrape and upload for year 2025
[2025-04-19T08:00:44.897Z] [INFO] [manual-run-1745049644897] Starting scrape and upload for year 2025 with smart updates
[2025-04-19T08:00:44.898Z] [INFO] [manual-run-1745049644897] Scraping IPO data for year 2025 with concurrency 2
[2025-04-19T08:00:46.285Z] [INFO] [manual-run-1745049644897] Completed scrape and upload for year 2025
[2025-04-19T08:01:15.626Z] [INFO] [manual-run-1745049675626] Starting scrape and upload for year 2025 with smart updates
[2025-04-19T08:01:15.629Z] [INFO] [manual-run-1745049675626] Scraping IPO data for year 2025 with concurrency 2
[2025-04-19T08:01:17.791Z] [INFO] [manual-run-1745049675626] Completed scrape and upload for year 2025
[2025-04-19T08:02:26.983Z] [INFO] [manual-run-1745049746983] Starting scrape and upload for year 2025 with smart updates
[2025-04-19T08:02:26.986Z] [INFO] [manual-run-1745049746983] Scraping IPO data for year 2025 with concurrency 2
[2025-04-19T08:03:38.539Z] [INFO] [manual-run-1745049746983] Completed scrape and upload for year 2025
[2025-04-19T08:05:14.299Z] [INFO] [manual-run-1745049914299] Starting scrape and upload for year 2025 with smart updates
[2025-04-19T08:05:14.302Z] [INFO] [manual-run-1745049914299] Scraping IPO data for year 2025 with concurrency 2
[2025-04-19T08:08:09.943Z] [INFO] [manual-run-1745050089943] Starting scrape and upload for year 2025 with smart updates
[2025-04-19T08:08:09.946Z] [INFO] [manual-run-1745050089943] Scraping IPO data for year 2025 with concurrency 2
